{"/home/gonzagadavid/Web-developer/Repositorios-GitHub/sudoku/jsdom.js": {"path":"/home/gonzagadavid/Web-developer/Repositorios-GitHub/sudoku/jsdom.js","all":false,"statementMap":{"0":{"start":{"line":1,"column":0},"end":{"line":1,"column":20}},"1":{"start":{"line":2,"column":0},"end":{"line":2,"column":30}},"2":{"start":{"line":3,"column":0},"end":{"line":3,"column":0}},"3":{"start":{"line":4,"column":0},"end":{"line":4,"column":45}},"4":{"start":{"line":5,"column":0},"end":{"line":5,"column":29}},"5":{"start":{"line":6,"column":0},"end":{"line":6,"column":0}},"6":{"start":{"line":7,"column":0},"end":{"line":7,"column":20}}},"s":{"0":3,"1":3,"2":3,"3":1,"4":1,"5":1,"6":1},"branchMap":{"0":{"type":"branch","line":1,"loc":{"start":{"line":1,"column":0},"end":{"line":4,"column":16}},"locations":[{"start":{"line":1,"column":0},"end":{"line":4,"column":16}}]}},"b":{"0":[3]},"fnMap":{},"f":{}}
,"/home/gonzagadavid/Web-developer/Repositorios-GitHub/sudoku/js/main.js": {"path":"/home/gonzagadavid/Web-developer/Repositorios-GitHub/sudoku/js/main.js","all":false,"statementMap":{"0":{"start":{"line":1,"column":0},"end":{"line":1,"column":51}},"1":{"start":{"line":2,"column":0},"end":{"line":2,"column":63}},"2":{"start":{"line":3,"column":0},"end":{"line":3,"column":71}},"3":{"start":{"line":4,"column":0},"end":{"line":4,"column":49}},"4":{"start":{"line":5,"column":0},"end":{"line":5,"column":0}},"5":{"start":{"line":6,"column":0},"end":{"line":6,"column":41}},"6":{"start":{"line":7,"column":0},"end":{"line":7,"column":25}},"7":{"start":{"line":8,"column":0},"end":{"line":8,"column":0}},"8":{"start":{"line":9,"column":0},"end":{"line":9,"column":31}},"9":{"start":{"line":10,"column":0},"end":{"line":10,"column":53}},"10":{"start":{"line":11,"column":0},"end":{"line":11,"column":34}},"11":{"start":{"line":12,"column":0},"end":{"line":12,"column":0}},"12":{"start":{"line":13,"column":0},"end":{"line":13,"column":23}},"13":{"start":{"line":14,"column":0},"end":{"line":14,"column":0}},"14":{"start":{"line":15,"column":0},"end":{"line":15,"column":30}},"15":{"start":{"line":16,"column":0},"end":{"line":16,"column":0}},"16":{"start":{"line":17,"column":0},"end":{"line":17,"column":86}},"17":{"start":{"line":18,"column":0},"end":{"line":18,"column":34}},"18":{"start":{"line":19,"column":0},"end":{"line":19,"column":2}},"19":{"start":{"line":20,"column":0},"end":{"line":20,"column":0}},"20":{"start":{"line":21,"column":0},"end":{"line":21,"column":11}}},"s":{"0":3,"1":3,"2":3,"3":3,"4":3,"5":3,"6":4,"7":4,"8":4,"9":4,"10":4,"11":4,"12":4,"13":4,"14":4,"15":4,"16":1,"17":1,"18":1,"19":1,"20":1},"branchMap":{"0":{"type":"branch","line":1,"loc":{"start":{"line":1,"column":0},"end":{"line":17,"column":56}},"locations":[{"start":{"line":1,"column":0},"end":{"line":17,"column":56}}]},"1":{"type":"branch","line":6,"loc":{"start":{"line":6,"column":11},"end":{"line":17,"column":41}},"locations":[{"start":{"line":6,"column":11},"end":{"line":17,"column":41}}]}},"b":{"0":[3],"1":[4]},"fnMap":{"0":{"name":"gameInit","decl":{"start":{"line":6,"column":11},"end":{"line":17,"column":41}},"loc":{"start":{"line":6,"column":11},"end":{"line":17,"column":41}},"line":6}},"f":{"0":4}}
,"/home/gonzagadavid/Web-developer/Repositorios-GitHub/sudoku/js/functions/btnSelect.js": {"path":"/home/gonzagadavid/Web-developer/Repositorios-GitHub/sudoku/js/functions/btnSelect.js","all":false,"statementMap":{"0":{"start":{"line":1,"column":0},"end":{"line":1,"column":35}},"1":{"start":{"line":2,"column":0},"end":{"line":2,"column":0}},"2":{"start":{"line":3,"column":0},"end":{"line":3,"column":37}},"3":{"start":{"line":4,"column":0},"end":{"line":4,"column":55}},"4":{"start":{"line":5,"column":0},"end":{"line":5,"column":54}},"5":{"start":{"line":6,"column":0},"end":{"line":6,"column":27}},"6":{"start":{"line":7,"column":0},"end":{"line":7,"column":82}},"7":{"start":{"line":8,"column":0},"end":{"line":8,"column":51}},"8":{"start":{"line":9,"column":0},"end":{"line":9,"column":1}}},"s":{"0":4,"1":4,"2":4,"3":4,"4":4,"5":4,"6":1,"7":1,"8":1},"branchMap":{"0":{"type":"branch","line":1,"loc":{"start":{"line":1,"column":0},"end":{"line":7,"column":55}},"locations":[{"start":{"line":1,"column":0},"end":{"line":7,"column":55}}]},"1":{"type":"branch","line":1,"loc":{"start":{"line":1,"column":0},"end":{"line":7,"column":54}},"locations":[{"start":{"line":1,"column":0},"end":{"line":7,"column":54}}]},"2":{"type":"branch","line":3,"loc":{"start":{"line":3,"column":28},"end":{"line":4,"column":28}},"locations":[{"start":{"line":3,"column":28},"end":{"line":4,"column":28}}]},"3":{"type":"branch","line":5,"loc":{"start":{"line":5,"column":53},"end":{"line":6,"column":7}},"locations":[{"start":{"line":5,"column":53},"end":{"line":6,"column":7}}]}},"b":{"0":[3],"1":[4],"2":[1],"3":[0]},"fnMap":{"0":{"name":"btnSelect","decl":{"start":{"line":1,"column":0},"end":{"line":7,"column":54}},"loc":{"start":{"line":1,"column":0},"end":{"line":7,"column":54}},"line":1}},"f":{"0":4}}
,"/home/gonzagadavid/Web-developer/Repositorios-GitHub/sudoku/js/functions/checkCompleted.js": {"path":"/home/gonzagadavid/Web-developer/Repositorios-GitHub/sudoku/js/functions/checkCompleted.js","all":false,"statementMap":{"0":{"start":{"line":1,"column":0},"end":{"line":1,"column":47}},"1":{"start":{"line":2,"column":0},"end":{"line":2,"column":27}},"2":{"start":{"line":3,"column":0},"end":{"line":3,"column":18}},"3":{"start":{"line":4,"column":0},"end":{"line":4,"column":50}},"4":{"start":{"line":5,"column":0},"end":{"line":5,"column":35}},"5":{"start":{"line":6,"column":0},"end":{"line":6,"column":6}},"6":{"start":{"line":7,"column":0},"end":{"line":7,"column":14}},"7":{"start":{"line":8,"column":0},"end":{"line":8,"column":1}}},"s":{"0":54,"1":486,"2":4374,"3":1,"4":1,"5":1,"6":1,"7":1},"branchMap":{"0":{"type":"branch","line":1,"loc":{"start":{"line":1,"column":0},"end":{"line":4,"column":29}},"locations":[{"start":{"line":1,"column":0},"end":{"line":4,"column":29}}]},"1":{"type":"branch","line":1,"loc":{"start":{"line":1,"column":0},"end":{"line":4,"column":28}},"locations":[{"start":{"line":1,"column":0},"end":{"line":4,"column":28}}]},"2":{"type":"branch","line":1,"loc":{"start":{"line":1,"column":0},"end":{"line":4,"column":27}},"locations":[{"start":{"line":1,"column":0},"end":{"line":4,"column":27}}]},"3":{"type":"branch","line":1,"loc":{"start":{"line":1,"column":29},"end":{"line":4,"column":9}},"locations":[{"start":{"line":1,"column":29},"end":{"line":4,"column":9}}]},"4":{"type":"branch","line":2,"loc":{"start":{"line":2,"column":2},"end":{"line":4,"column":8}},"locations":[{"start":{"line":2,"column":2},"end":{"line":4,"column":8}}]},"5":{"type":"branch","line":3,"loc":{"start":{"line":3,"column":10},"end":{"line":4,"column":4}},"locations":[{"start":{"line":3,"column":10},"end":{"line":4,"column":4}}]}},"b":{"0":[3],"1":[55],"2":[54],"3":[486],"4":[4374],"5":[1376]},"fnMap":{"0":{"name":"checkCompleted","decl":{"start":{"line":1,"column":0},"end":{"line":4,"column":28}},"loc":{"start":{"line":1,"column":0},"end":{"line":4,"column":28}},"line":1}},"f":{"0":55}}
,"/home/gonzagadavid/Web-developer/Repositorios-GitHub/sudoku/js/functions/createHtmlElement.js": {"path":"/home/gonzagadavid/Web-developer/Repositorios-GitHub/sudoku/js/functions/createHtmlElement.js","all":false,"statementMap":{"0":{"start":{"line":1,"column":0},"end":{"line":1,"column":74}},"1":{"start":{"line":2,"column":0},"end":{"line":2,"column":47}},"2":{"start":{"line":3,"column":0},"end":{"line":3,"column":48}},"3":{"start":{"line":4,"column":0},"end":{"line":4,"column":40}},"4":{"start":{"line":5,"column":0},"end":{"line":5,"column":47}},"5":{"start":{"line":6,"column":0},"end":{"line":6,"column":5}},"6":{"start":{"line":7,"column":0},"end":{"line":7,"column":0}},"7":{"start":{"line":8,"column":0},"end":{"line":8,"column":17}},"8":{"start":{"line":9,"column":0},"end":{"line":9,"column":1}}},"s":{"0":559,"1":559,"2":1350,"3":1,"4":1,"5":1,"6":1,"7":1,"8":1},"branchMap":{"0":{"type":"branch","line":1,"loc":{"start":{"line":1,"column":0},"end":{"line":4,"column":34}},"locations":[{"start":{"line":1,"column":0},"end":{"line":4,"column":34}}]},"1":{"type":"branch","line":1,"loc":{"start":{"line":1,"column":0},"end":{"line":4,"column":33}},"locations":[{"start":{"line":1,"column":0},"end":{"line":4,"column":33}}]},"2":{"type":"branch","line":2,"loc":{"start":{"line":2,"column":39},"end":{"line":4,"column":10}},"locations":[{"start":{"line":2,"column":39},"end":{"line":4,"column":10}}]}},"b":{"0":[3],"1":[559],"2":[1350]},"fnMap":{"0":{"name":"createHtmlElement","decl":{"start":{"line":1,"column":0},"end":{"line":4,"column":33}},"loc":{"start":{"line":1,"column":0},"end":{"line":4,"column":33}},"line":1}},"f":{"0":559}}
,"/home/gonzagadavid/Web-developer/Repositorios-GitHub/sudoku/js/functions/fetchBoard.js": {"path":"/home/gonzagadavid/Web-developer/Repositorios-GitHub/sudoku/js/functions/fetchBoard.js","all":false,"statementMap":{"0":{"start":{"line":1,"column":0},"end":{"line":1,"column":39}},"1":{"start":{"line":2,"column":0},"end":{"line":2,"column":56}},"2":{"start":{"line":3,"column":0},"end":{"line":3,"column":56}},"3":{"start":{"line":4,"column":0},"end":{"line":4,"column":0}},"4":{"start":{"line":5,"column":0},"end":{"line":5,"column":22}},"5":{"start":{"line":6,"column":0},"end":{"line":6,"column":53}},"6":{"start":{"line":7,"column":0},"end":{"line":7,"column":52}},"7":{"start":{"line":8,"column":0},"end":{"line":8,"column":52}},"8":{"start":{"line":9,"column":0},"end":{"line":9,"column":1}},"9":{"start":{"line":10,"column":0},"end":{"line":10,"column":0}},"10":{"start":{"line":11,"column":0},"end":{"line":11,"column":63}},"11":{"start":{"line":12,"column":0},"end":{"line":12,"column":23}},"12":{"start":{"line":13,"column":0},"end":{"line":13,"column":36}},"13":{"start":{"line":14,"column":0},"end":{"line":14,"column":65}},"14":{"start":{"line":15,"column":0},"end":{"line":15,"column":41}},"15":{"start":{"line":16,"column":0},"end":{"line":16,"column":29}},"16":{"start":{"line":17,"column":0},"end":{"line":17,"column":25}},"17":{"start":{"line":18,"column":0},"end":{"line":18,"column":37}},"18":{"start":{"line":19,"column":0},"end":{"line":19,"column":28}},"19":{"start":{"line":20,"column":0},"end":{"line":20,"column":45}},"20":{"start":{"line":21,"column":0},"end":{"line":21,"column":14}},"21":{"start":{"line":22,"column":0},"end":{"line":22,"column":1}}},"s":{"0":3,"1":3,"2":1,"3":1,"4":1,"5":1,"6":3,"7":10,"8":10,"9":5,"10":5,"11":1,"12":10,"13":4,"14":10,"15":4,"16":4,"17":4,"18":1,"19":1,"20":1,"21":1},"branchMap":{"0":{"type":"branch","line":1,"loc":{"start":{"line":1,"column":0},"end":{"line":19,"column":10}},"locations":[{"start":{"line":1,"column":0},"end":{"line":19,"column":10}}]},"1":{"type":"branch","line":2,"loc":{"start":{"line":2,"column":33},"end":{"line":7,"column":25}},"locations":[{"start":{"line":2,"column":33},"end":{"line":7,"column":25}}]},"2":{"type":"branch","line":7,"loc":{"start":{"line":7,"column":42},"end":{"line":19,"column":9}},"locations":[{"start":{"line":7,"column":42},"end":{"line":19,"column":9}}]},"3":{"type":"branch","line":10,"loc":{"start":{"line":10,"column":-1},"end":{"line":11,"column":63}},"locations":[{"start":{"line":10,"column":-1},"end":{"line":11,"column":63}}]},"4":{"type":"branch","line":12,"loc":{"start":{"line":12,"column":-1},"end":{"line":13,"column":20}},"locations":[{"start":{"line":12,"column":-1},"end":{"line":13,"column":20}}]},"5":{"type":"branch","line":13,"loc":{"start":{"line":13,"column":20},"end":{"line":15,"column":3}},"locations":[{"start":{"line":13,"column":20},"end":{"line":15,"column":3}}]},"6":{"type":"branch","line":15,"loc":{"start":{"line":15,"column":3},"end":{"line":15,"column":15}},"locations":[{"start":{"line":15,"column":3},"end":{"line":15,"column":15}}]},"7":{"type":"branch","line":15,"loc":{"start":{"line":15,"column":15},"end":{"line":19,"column":8}},"locations":[{"start":{"line":15,"column":15},"end":{"line":19,"column":8}}]}},"b":{"0":[3],"1":[1],"2":[10],"3":[5],"4":[1],"5":[4],"6":[1],"7":[4]},"fnMap":{"0":{"name":"clearCard","decl":{"start":{"line":2,"column":33},"end":{"line":7,"column":25}},"loc":{"start":{"line":2,"column":33},"end":{"line":7,"column":25}},"line":2},"1":{"name":"fetchBoard","decl":{"start":{"line":7,"column":42},"end":{"line":19,"column":9}},"loc":{"start":{"line":7,"column":42},"end":{"line":19,"column":9}},"line":7}},"f":{"0":1,"1":10}}
,"/home/gonzagadavid/Web-developer/Repositorios-GitHub/sudoku/js/functions/getOptions.js": {"path":"/home/gonzagadavid/Web-developer/Repositorios-GitHub/sudoku/js/functions/getOptions.js","all":false,"statementMap":{"0":{"start":{"line":1,"column":0},"end":{"line":1,"column":49}},"1":{"start":{"line":2,"column":0},"end":{"line":2,"column":59}},"2":{"start":{"line":3,"column":0},"end":{"line":3,"column":0}},"3":{"start":{"line":4,"column":0},"end":{"line":4,"column":43}},"4":{"start":{"line":5,"column":0},"end":{"line":5,"column":43}},"5":{"start":{"line":6,"column":0},"end":{"line":6,"column":46}},"6":{"start":{"line":7,"column":0},"end":{"line":7,"column":25}},"7":{"start":{"line":8,"column":0},"end":{"line":8,"column":0}},"8":{"start":{"line":9,"column":0},"end":{"line":9,"column":57}},"9":{"start":{"line":10,"column":0},"end":{"line":10,"column":38}},"10":{"start":{"line":11,"column":0},"end":{"line":11,"column":38}},"11":{"start":{"line":12,"column":0},"end":{"line":12,"column":3}},"12":{"start":{"line":13,"column":0},"end":{"line":13,"column":0}},"13":{"start":{"line":14,"column":0},"end":{"line":14,"column":63}},"14":{"start":{"line":15,"column":0},"end":{"line":15,"column":65}},"15":{"start":{"line":16,"column":0},"end":{"line":16,"column":46}},"16":{"start":{"line":17,"column":0},"end":{"line":17,"column":5}},"17":{"start":{"line":18,"column":0},"end":{"line":18,"column":3}},"18":{"start":{"line":19,"column":0},"end":{"line":19,"column":0}},"19":{"start":{"line":20,"column":0},"end":{"line":20,"column":67}},"20":{"start":{"line":21,"column":0},"end":{"line":21,"column":1}}},"s":{"0":61,"1":61,"2":18,"3":61,"4":61,"5":61,"6":61,"7":540,"8":540,"9":60,"10":61,"11":180,"12":180,"13":180,"14":61,"15":3,"16":1,"17":1,"18":1,"19":1,"20":1},"branchMap":{"0":{"type":"branch","line":1,"loc":{"start":{"line":1,"column":0},"end":{"line":16,"column":46}},"locations":[{"start":{"line":1,"column":0},"end":{"line":16,"column":46}}]},"1":{"type":"branch","line":1,"loc":{"start":{"line":1,"column":0},"end":{"line":16,"column":45}},"locations":[{"start":{"line":1,"column":0},"end":{"line":16,"column":45}}]},"2":{"type":"branch","line":1,"loc":{"start":{"line":1,"column":0},"end":{"line":1,"column":27}},"locations":[{"start":{"line":1,"column":0},"end":{"line":1,"column":27}}]},"3":{"type":"branch","line":1,"loc":{"start":{"line":1,"column":27},"end":{"line":2,"column":2}},"locations":[{"start":{"line":1,"column":27},"end":{"line":2,"column":2}}]},"4":{"type":"branch","line":2,"loc":{"start":{"line":2,"column":2},"end":{"line":2,"column":5}},"locations":[{"start":{"line":2,"column":2},"end":{"line":2,"column":5}}]},"5":{"type":"branch","line":2,"loc":{"start":{"line":2,"column":6},"end":{"line":2,"column":21}},"locations":[{"start":{"line":2,"column":6},"end":{"line":2,"column":21}}]},"6":{"type":"branch","line":2,"loc":{"start":{"line":2,"column":14},"end":{"line":2,"column":17}},"locations":[{"start":{"line":2,"column":14},"end":{"line":2,"column":17}}]},"7":{"type":"branch","line":2,"loc":{"start":{"line":2,"column":18},"end":{"line":2,"column":21}},"locations":[{"start":{"line":2,"column":18},"end":{"line":2,"column":21}}]},"8":{"type":"branch","line":2,"loc":{"start":{"line":2,"column":46},"end":{"line":2,"column":49}},"locations":[{"start":{"line":2,"column":46},"end":{"line":2,"column":49}}]},"9":{"type":"branch","line":2,"loc":{"start":{"line":2,"column":50},"end":{"line":4,"column":4}},"locations":[{"start":{"line":2,"column":50},"end":{"line":4,"column":4}}]},"10":{"type":"branch","line":2,"loc":{"start":{"line":2,"column":58},"end":{"line":4,"column":0}},"locations":[{"start":{"line":2,"column":58},"end":{"line":4,"column":0}}]},"11":{"type":"branch","line":4,"loc":{"start":{"line":4,"column":1},"end":{"line":4,"column":4}},"locations":[{"start":{"line":4,"column":1},"end":{"line":4,"column":4}}]},"12":{"type":"branch","line":7,"loc":{"start":{"line":7,"column":1},"end":{"line":9,"column":57}},"locations":[{"start":{"line":7,"column":1},"end":{"line":9,"column":57}}]},"13":{"type":"branch","line":10,"loc":{"start":{"line":10,"column":-1},"end":{"line":11,"column":24}},"locations":[{"start":{"line":10,"column":-1},"end":{"line":11,"column":24}}]},"14":{"type":"branch","line":11,"loc":{"start":{"line":11,"column":24},"end":{"line":15,"column":40}},"locations":[{"start":{"line":11,"column":24},"end":{"line":15,"column":40}}]},"15":{"type":"branch","line":14,"loc":{"start":{"line":14,"column":46},"end":{"line":15,"column":36}},"locations":[{"start":{"line":14,"column":46},"end":{"line":15,"column":36}}]},"16":{"type":"branch","line":15,"loc":{"start":{"line":15,"column":40},"end":{"line":16,"column":44}},"locations":[{"start":{"line":15,"column":40},"end":{"line":16,"column":44}}]},"17":{"type":"branch","line":16,"loc":{"start":{"line":16,"column":0},"end":{"line":16,"column":41}},"locations":[{"start":{"line":16,"column":0},"end":{"line":16,"column":41}}]}},"b":{"0":[3],"1":[61],"2":[1],"3":[60],"4":[20],"5":[40],"6":[20],"7":[20],"8":[21],"9":[39],"10":[18],"11":[21],"12":[540],"13":[60],"14":[180],"15":[540],"16":[60],"17":[540]},"fnMap":{"0":{"name":"getOptions","decl":{"start":{"line":1,"column":0},"end":{"line":16,"column":45}},"loc":{"start":{"line":1,"column":0},"end":{"line":16,"column":45}},"line":1}},"f":{"0":61}}
,"/home/gonzagadavid/Web-developer/Repositorios-GitHub/sudoku/js/functions/index.js": {"path":"/home/gonzagadavid/Web-developer/Repositorios-GitHub/sudoku/js/functions/index.js","all":false,"statementMap":{"0":{"start":{"line":1,"column":0},"end":{"line":1,"column":39}},"1":{"start":{"line":2,"column":0},"end":{"line":2,"column":49}},"2":{"start":{"line":3,"column":0},"end":{"line":3,"column":55}},"3":{"start":{"line":4,"column":0},"end":{"line":4,"column":41}},"4":{"start":{"line":5,"column":0},"end":{"line":5,"column":47}},"5":{"start":{"line":6,"column":0},"end":{"line":6,"column":41}},"6":{"start":{"line":7,"column":0},"end":{"line":7,"column":0}},"7":{"start":{"line":8,"column":0},"end":{"line":8,"column":16}},"8":{"start":{"line":9,"column":0},"end":{"line":9,"column":13}},"9":{"start":{"line":10,"column":0},"end":{"line":10,"column":12}},"10":{"start":{"line":11,"column":0},"end":{"line":11,"column":17}},"11":{"start":{"line":12,"column":0},"end":{"line":12,"column":20}},"12":{"start":{"line":13,"column":0},"end":{"line":13,"column":13}},"13":{"start":{"line":14,"column":0},"end":{"line":14,"column":16}},"14":{"start":{"line":15,"column":0},"end":{"line":15,"column":2}}},"s":{"0":3,"1":3,"2":3,"3":3,"4":3,"5":3,"6":3,"7":3,"8":3,"9":1,"10":1,"11":1,"12":1,"13":1,"14":1},"branchMap":{"0":{"type":"branch","line":1,"loc":{"start":{"line":1,"column":0},"end":{"line":10,"column":4}},"locations":[{"start":{"line":1,"column":0},"end":{"line":10,"column":4}}]}},"b":{"0":[3]},"fnMap":{},"f":{}}
,"/home/gonzagadavid/Web-developer/Repositorios-GitHub/sudoku/js/functions/renderOptions.js": {"path":"/home/gonzagadavid/Web-developer/Repositorios-GitHub/sudoku/js/functions/renderOptions.js","all":false,"statementMap":{"0":{"start":{"line":1,"column":0},"end":{"line":1,"column":72}},"1":{"start":{"line":2,"column":0},"end":{"line":2,"column":41}},"2":{"start":{"line":3,"column":0},"end":{"line":3,"column":0}},"3":{"start":{"line":4,"column":0},"end":{"line":4,"column":53}},"4":{"start":{"line":5,"column":0},"end":{"line":5,"column":68}},"5":{"start":{"line":6,"column":0},"end":{"line":6,"column":73}},"6":{"start":{"line":7,"column":0},"end":{"line":7,"column":31}},"7":{"start":{"line":8,"column":0},"end":{"line":8,"column":50}},"8":{"start":{"line":9,"column":0},"end":{"line":9,"column":50}},"9":{"start":{"line":10,"column":0},"end":{"line":10,"column":42}},"10":{"start":{"line":11,"column":0},"end":{"line":11,"column":50}},"11":{"start":{"line":12,"column":0},"end":{"line":12,"column":1}}},"s":{"0":3,"1":51,"2":51,"3":51,"4":51,"5":51,"6":51,"7":51,"8":51,"9":1,"10":1,"11":1},"branchMap":{"0":{"type":"branch","line":1,"loc":{"start":{"line":1,"column":0},"end":{"line":10,"column":14}},"locations":[{"start":{"line":1,"column":0},"end":{"line":10,"column":14}}]},"1":{"type":"branch","line":1,"loc":{"start":{"line":1,"column":49},"end":{"line":10,"column":13}},"locations":[{"start":{"line":1,"column":49},"end":{"line":10,"column":13}}]},"2":{"type":"branch","line":5,"loc":{"start":{"line":5,"column":7},"end":{"line":5,"column":60}},"locations":[{"start":{"line":5,"column":7},"end":{"line":5,"column":60}}]}},"b":{"0":[3],"1":[51],"2":[0]},"fnMap":{"0":{"name":"renderOptions","decl":{"start":{"line":1,"column":49},"end":{"line":10,"column":13}},"loc":{"start":{"line":1,"column":49},"end":{"line":10,"column":13}},"line":1}},"f":{"0":51}}
,"/home/gonzagadavid/Web-developer/Repositorios-GitHub/sudoku/js/views/clearNumber.js": {"path":"/home/gonzagadavid/Web-developer/Repositorios-GitHub/sudoku/js/views/clearNumber.js","all":false,"statementMap":{"0":{"start":{"line":1,"column":0},"end":{"line":1,"column":53}},"1":{"start":{"line":2,"column":0},"end":{"line":2,"column":50}},"2":{"start":{"line":3,"column":0},"end":{"line":3,"column":50}},"3":{"start":{"line":4,"column":0},"end":{"line":4,"column":18}},"4":{"start":{"line":5,"column":0},"end":{"line":5,"column":25}},"5":{"start":{"line":6,"column":0},"end":{"line":6,"column":1}}},"s":{"0":52,"1":52,"2":1,"3":1,"4":1,"5":1},"branchMap":{"0":{"type":"branch","line":1,"loc":{"start":{"line":1,"column":0},"end":{"line":3,"column":16}},"locations":[{"start":{"line":1,"column":0},"end":{"line":3,"column":16}}]},"1":{"type":"branch","line":1,"loc":{"start":{"line":1,"column":0},"end":{"line":3,"column":15}},"locations":[{"start":{"line":1,"column":0},"end":{"line":3,"column":15}}]}},"b":{"0":[3],"1":[52]},"fnMap":{"0":{"name":"clearNumber","decl":{"start":{"line":1,"column":0},"end":{"line":3,"column":15}},"loc":{"start":{"line":1,"column":0},"end":{"line":3,"column":15}},"line":1}},"f":{"0":52}}
,"/home/gonzagadavid/Web-developer/Repositorios-GitHub/sudoku/js/views/createBtnContainer.js": {"path":"/home/gonzagadavid/Web-developer/Repositorios-GitHub/sudoku/js/views/createBtnContainer.js","all":false,"statementMap":{"0":{"start":{"line":1,"column":0},"end":{"line":1,"column":66}},"1":{"start":{"line":2,"column":0},"end":{"line":2,"column":35}},"2":{"start":{"line":3,"column":0},"end":{"line":3,"column":52}},"3":{"start":{"line":4,"column":0},"end":{"line":4,"column":0}},"4":{"start":{"line":5,"column":0},"end":{"line":5,"column":22}},"5":{"start":{"line":6,"column":0},"end":{"line":6,"column":53}},"6":{"start":{"line":7,"column":0},"end":{"line":7,"column":86}},"7":{"start":{"line":8,"column":0},"end":{"line":8,"column":33}},"8":{"start":{"line":9,"column":0},"end":{"line":9,"column":1}},"9":{"start":{"line":10,"column":0},"end":{"line":10,"column":0}},"10":{"start":{"line":11,"column":0},"end":{"line":11,"column":33}},"11":{"start":{"line":12,"column":0},"end":{"line":12,"column":58}},"12":{"start":{"line":13,"column":0},"end":{"line":13,"column":14}},"13":{"start":{"line":14,"column":0},"end":{"line":14,"column":1}},"14":{"start":{"line":15,"column":0},"end":{"line":15,"column":0}},"15":{"start":{"line":16,"column":0},"end":{"line":16,"column":39}},"16":{"start":{"line":17,"column":0},"end":{"line":17,"column":25}},"17":{"start":{"line":18,"column":0},"end":{"line":18,"column":31}},"18":{"start":{"line":19,"column":0},"end":{"line":19,"column":10}},"19":{"start":{"line":20,"column":0},"end":{"line":20,"column":21}},"20":{"start":{"line":21,"column":0},"end":{"line":21,"column":4}},"21":{"start":{"line":22,"column":0},"end":{"line":22,"column":57}},"22":{"start":{"line":23,"column":0},"end":{"line":23,"column":59}},"23":{"start":{"line":24,"column":0},"end":{"line":24,"column":33}},"24":{"start":{"line":25,"column":0},"end":{"line":25,"column":1}},"25":{"start":{"line":26,"column":0},"end":{"line":26,"column":0}},"26":{"start":{"line":27,"column":0},"end":{"line":27,"column":53}},"27":{"start":{"line":28,"column":0},"end":{"line":28,"column":23}},"28":{"start":{"line":29,"column":0},"end":{"line":29,"column":80}},"29":{"start":{"line":30,"column":0},"end":{"line":30,"column":62}},"30":{"start":{"line":31,"column":0},"end":{"line":31,"column":61}},"31":{"start":{"line":32,"column":0},"end":{"line":32,"column":36}},"32":{"start":{"line":33,"column":0},"end":{"line":33,"column":1}}},"s":{"0":3,"1":3,"2":1,"3":1,"4":1,"5":1,"6":3,"7":1,"8":1,"9":1,"10":3,"11":8,"12":8,"13":8,"14":8,"15":8,"16":8,"17":8,"18":8,"19":8,"20":8,"21":8,"22":3,"23":4,"24":1,"25":1,"26":1,"27":1,"28":1,"29":1,"30":1,"31":1,"32":1},"branchMap":{"0":{"type":"branch","line":1,"loc":{"start":{"line":1,"column":0},"end":{"line":31,"column":19}},"locations":[{"start":{"line":1,"column":0},"end":{"line":31,"column":19}}]},"1":{"type":"branch","line":2,"loc":{"start":{"line":2,"column":8},"end":{"line":7,"column":40}},"locations":[{"start":{"line":2,"column":8},"end":{"line":7,"column":40}}]},"2":{"type":"branch","line":7,"loc":{"start":{"line":7,"column":42},"end":{"line":11,"column":27}},"locations":[{"start":{"line":7,"column":42},"end":{"line":11,"column":27}}]},"3":{"type":"branch","line":11,"loc":{"start":{"line":11,"column":29},"end":{"line":23,"column":13}},"locations":[{"start":{"line":11,"column":29},"end":{"line":23,"column":13}}]},"4":{"type":"branch","line":22,"loc":{"start":{"line":22,"column":8},"end":{"line":22,"column":33}},"locations":[{"start":{"line":22,"column":8},"end":{"line":22,"column":33}}]},"5":{"type":"branch","line":23,"loc":{"start":{"line":23,"column":30},"end":{"line":31,"column":18}},"locations":[{"start":{"line":23,"column":30},"end":{"line":31,"column":18}}]},"6":{"type":"branch","line":24,"loc":{"start":{"line":24,"column":25},"end":{"line":31,"column":17}},"locations":[{"start":{"line":24,"column":25},"end":{"line":31,"column":17}}]},"7":{"type":"branch","line":24,"loc":{"start":{"line":24,"column":32},"end":{"line":31,"column":17}},"locations":[{"start":{"line":24,"column":32},"end":{"line":31,"column":17}}]},"8":{"type":"branch","line":30,"loc":{"start":{"line":30,"column":6},"end":{"line":30,"column":40}},"locations":[{"start":{"line":30,"column":6},"end":{"line":30,"column":40}}]}},"b":{"0":[3],"1":[1],"2":[1],"3":[8],"4":[1],"5":[4],"6":[3],"7":[1],"8":[8]},"fnMap":{"0":{"name":"nextLevel","decl":{"start":{"line":2,"column":8},"end":{"line":7,"column":40}},"loc":{"start":{"line":2,"column":8},"end":{"line":7,"column":40}},"line":2},"1":{"name":"renderDifficult","decl":{"start":{"line":7,"column":42},"end":{"line":11,"column":27}},"loc":{"start":{"line":7,"column":42},"end":{"line":11,"column":27}},"line":7},"2":{"name":"addBtn","decl":{"start":{"line":11,"column":29},"end":{"line":23,"column":13}},"loc":{"start":{"line":11,"column":29},"end":{"line":23,"column":13}},"line":11},"3":{"name":"createBtnContainer","decl":{"start":{"line":23,"column":30},"end":{"line":31,"column":18}},"loc":{"start":{"line":23,"column":30},"end":{"line":31,"column":18}},"line":23}},"f":{"0":1,"1":1,"2":8,"3":4}}
,"/home/gonzagadavid/Web-developer/Repositorios-GitHub/sudoku/js/views/createCardGame.js": {"path":"/home/gonzagadavid/Web-developer/Repositorios-GitHub/sudoku/js/views/createCardGame.js","all":false,"statementMap":{"0":{"start":{"line":1,"column":0},"end":{"line":1,"column":66}},"1":{"start":{"line":2,"column":0},"end":{"line":2,"column":58}},"2":{"start":{"line":3,"column":0},"end":{"line":3,"column":0}},"3":{"start":{"line":4,"column":0},"end":{"line":4,"column":39}},"4":{"start":{"line":5,"column":0},"end":{"line":5,"column":93}},"5":{"start":{"line":6,"column":0},"end":{"line":6,"column":57}},"6":{"start":{"line":7,"column":0},"end":{"line":7,"column":20}},"7":{"start":{"line":8,"column":0},"end":{"line":8,"column":77}},"8":{"start":{"line":9,"column":0},"end":{"line":9,"column":32}},"9":{"start":{"line":10,"column":0},"end":{"line":10,"column":3}},"10":{"start":{"line":11,"column":0},"end":{"line":11,"column":16}},"11":{"start":{"line":12,"column":0},"end":{"line":12,"column":1}},"12":{"start":{"line":13,"column":0},"end":{"line":13,"column":0}},"13":{"start":{"line":14,"column":0},"end":{"line":14,"column":38}},"14":{"start":{"line":15,"column":0},"end":{"line":15,"column":70}},"15":{"start":{"line":16,"column":0},"end":{"line":16,"column":81}},"16":{"start":{"line":17,"column":0},"end":{"line":17,"column":17}},"17":{"start":{"line":18,"column":0},"end":{"line":18,"column":1}},"18":{"start":{"line":19,"column":0},"end":{"line":19,"column":0}},"19":{"start":{"line":20,"column":0},"end":{"line":20,"column":47}},"20":{"start":{"line":21,"column":0},"end":{"line":21,"column":82}},"21":{"start":{"line":22,"column":0},"end":{"line":22,"column":86}},"22":{"start":{"line":23,"column":0},"end":{"line":23,"column":23}},"23":{"start":{"line":24,"column":0},"end":{"line":24,"column":1}}},"s":{"0":3,"1":324,"2":324,"3":324,"4":324,"5":199,"6":199,"7":3,"8":36,"9":36,"10":36,"11":36,"12":36,"13":36,"14":36,"15":3,"16":4,"17":4,"18":4,"19":4,"20":4,"21":1,"22":1,"23":1},"branchMap":{"0":{"type":"branch","line":1,"loc":{"start":{"line":1,"column":0},"end":{"line":22,"column":31}},"locations":[{"start":{"line":1,"column":0},"end":{"line":22,"column":31}}]},"1":{"type":"branch","line":1,"loc":{"start":{"line":1,"column":45},"end":{"line":8,"column":51}},"locations":[{"start":{"line":1,"column":45},"end":{"line":8,"column":51}}]},"2":{"type":"branch","line":5,"loc":{"start":{"line":5,"column":3},"end":{"line":5,"column":8}},"locations":[{"start":{"line":5,"column":3},"end":{"line":5,"column":8}}]},"3":{"type":"branch","line":5,"loc":{"start":{"line":5,"column":89},"end":{"line":8,"column":32}},"locations":[{"start":{"line":5,"column":89},"end":{"line":8,"column":32}}]},"4":{"type":"branch","line":6,"loc":{"start":{"line":6,"column":34},"end":{"line":7,"column":14}},"locations":[{"start":{"line":6,"column":34},"end":{"line":7,"column":14}}]},"5":{"type":"branch","line":8,"loc":{"start":{"line":8,"column":53},"end":{"line":16,"column":19}},"locations":[{"start":{"line":8,"column":53},"end":{"line":16,"column":19}}]},"6":{"type":"branch","line":15,"loc":{"start":{"line":15,"column":5},"end":{"line":15,"column":68}},"locations":[{"start":{"line":15,"column":5},"end":{"line":15,"column":68}}]},"7":{"type":"branch","line":16,"loc":{"start":{"line":16,"column":36},"end":{"line":22,"column":30}},"locations":[{"start":{"line":16,"column":36},"end":{"line":22,"column":30}}]},"8":{"type":"branch","line":21,"loc":{"start":{"line":21,"column":17},"end":{"line":22,"column":2}},"locations":[{"start":{"line":21,"column":17},"end":{"line":22,"column":2}}]}},"b":{"0":[3],"1":[324],"2":[199],"3":[199],"4":[51],"5":[36],"6":[324],"7":[4],"8":[36]},"fnMap":{"0":{"name":"fillLine","decl":{"start":{"line":1,"column":45},"end":{"line":8,"column":51}},"loc":{"start":{"line":1,"column":45},"end":{"line":8,"column":51}},"line":1},"1":{"name":"createLine","decl":{"start":{"line":8,"column":53},"end":{"line":16,"column":19}},"loc":{"start":{"line":8,"column":53},"end":{"line":16,"column":19}},"line":8},"2":{"name":"createCardGame","decl":{"start":{"line":16,"column":36},"end":{"line":22,"column":30}},"loc":{"start":{"line":16,"column":36},"end":{"line":22,"column":30}},"line":16}},"f":{"0":324,"1":36,"2":4}}
,"/home/gonzagadavid/Web-developer/Repositorios-GitHub/sudoku/js/views/createClearBtn.js": {"path":"/home/gonzagadavid/Web-developer/Repositorios-GitHub/sudoku/js/views/createClearBtn.js","all":false,"statementMap":{"0":{"start":{"line":1,"column":0},"end":{"line":1,"column":66}},"1":{"start":{"line":2,"column":0},"end":{"line":2,"column":43}},"2":{"start":{"line":3,"column":0},"end":{"line":3,"column":0}},"3":{"start":{"line":4,"column":0},"end":{"line":4,"column":35}},"4":{"start":{"line":5,"column":0},"end":{"line":5,"column":55}},"5":{"start":{"line":6,"column":0},"end":{"line":6,"column":63}},"6":{"start":{"line":7,"column":0},"end":{"line":7,"column":1}},"7":{"start":{"line":8,"column":0},"end":{"line":8,"column":0}},"8":{"start":{"line":9,"column":0},"end":{"line":9,"column":47}},"9":{"start":{"line":10,"column":0},"end":{"line":10,"column":84}},"10":{"start":{"line":11,"column":0},"end":{"line":11,"column":30}},"11":{"start":{"line":12,"column":0},"end":{"line":12,"column":27}},"12":{"start":{"line":13,"column":0},"end":{"line":13,"column":29}},"13":{"start":{"line":14,"column":0},"end":{"line":14,"column":49}},"14":{"start":{"line":15,"column":0},"end":{"line":15,"column":4}},"15":{"start":{"line":16,"column":0},"end":{"line":16,"column":67}},"16":{"start":{"line":17,"column":0},"end":{"line":17,"column":39}},"17":{"start":{"line":18,"column":0},"end":{"line":18,"column":24}},"18":{"start":{"line":19,"column":0},"end":{"line":19,"column":1}}},"s":{"0":3,"1":1,"2":1,"3":1,"4":3,"5":5,"6":5,"7":5,"8":5,"9":5,"10":5,"11":5,"12":5,"13":5,"14":5,"15":1,"16":1,"17":1,"18":1},"branchMap":{"0":{"type":"branch","line":1,"loc":{"start":{"line":1,"column":0},"end":{"line":16,"column":53}},"locations":[{"start":{"line":1,"column":0},"end":{"line":16,"column":53}}]},"1":{"type":"branch","line":1,"loc":{"start":{"line":1,"column":30},"end":{"line":5,"column":39}},"locations":[{"start":{"line":1,"column":30},"end":{"line":5,"column":39}}]},"2":{"type":"branch","line":4,"loc":{"start":{"line":4,"column":31},"end":{"line":5,"column":35}},"locations":[{"start":{"line":4,"column":31},"end":{"line":5,"column":35}}]},"3":{"type":"branch","line":6,"loc":{"start":{"line":6,"column":0},"end":{"line":16,"column":52}},"locations":[{"start":{"line":6,"column":0},"end":{"line":16,"column":52}}]},"4":{"type":"branch","line":11,"loc":{"start":{"line":11,"column":20},"end":{"line":12,"column":24}},"locations":[{"start":{"line":11,"column":20},"end":{"line":12,"column":24}}]}},"b":{"0":[3],"1":[1],"2":[51],"3":[5],"4":[1]},"fnMap":{"0":{"name":"clearBoard","decl":{"start":{"line":1,"column":30},"end":{"line":5,"column":39}},"loc":{"start":{"line":1,"column":30},"end":{"line":5,"column":39}},"line":1},"1":{"name":"createClearBtn","decl":{"start":{"line":6,"column":0},"end":{"line":16,"column":52}},"loc":{"start":{"line":6,"column":0},"end":{"line":16,"column":52}},"line":6},"2":{"name":"onclick","decl":{"start":{"line":11,"column":20},"end":{"line":12,"column":24}},"loc":{"start":{"line":11,"column":20},"end":{"line":12,"column":24}},"line":11}},"f":{"0":1,"1":5,"2":1}}
,"/home/gonzagadavid/Web-developer/Repositorios-GitHub/sudoku/js/views/createContactContainer.js": {"path":"/home/gonzagadavid/Web-developer/Repositorios-GitHub/sudoku/js/views/createContactContainer.js","all":false,"statementMap":{"0":{"start":{"line":1,"column":0},"end":{"line":1,"column":66}},"1":{"start":{"line":2,"column":0},"end":{"line":2,"column":0}},"2":{"start":{"line":3,"column":0},"end":{"line":3,"column":57}},"3":{"start":{"line":4,"column":0},"end":{"line":4,"column":23}},"4":{"start":{"line":5,"column":0},"end":{"line":5,"column":0}},"5":{"start":{"line":6,"column":0},"end":{"line":6,"column":81}},"6":{"start":{"line":7,"column":0},"end":{"line":7,"column":26}},"7":{"start":{"line":8,"column":0},"end":{"line":8,"column":47}},"8":{"start":{"line":9,"column":0},"end":{"line":9,"column":51}},"9":{"start":{"line":10,"column":0},"end":{"line":10,"column":4}},"10":{"start":{"line":11,"column":0},"end":{"line":11,"column":54}},"11":{"start":{"line":12,"column":0},"end":{"line":12,"column":30}},"12":{"start":{"line":13,"column":0},"end":{"line":13,"column":26}},"13":{"start":{"line":14,"column":0},"end":{"line":14,"column":30}},"14":{"start":{"line":15,"column":0},"end":{"line":15,"column":34}},"15":{"start":{"line":16,"column":0},"end":{"line":16,"column":4}},"16":{"start":{"line":17,"column":0},"end":{"line":17,"column":54}},"17":{"start":{"line":18,"column":0},"end":{"line":18,"column":30}},"18":{"start":{"line":19,"column":0},"end":{"line":19,"column":33}},"19":{"start":{"line":20,"column":0},"end":{"line":20,"column":1}}},"s":{"0":3,"1":3,"2":1,"3":1,"4":1,"5":1,"6":1,"7":1,"8":1,"9":1,"10":1,"11":1,"12":1,"13":1,"14":1,"15":1,"16":1,"17":1,"18":1,"19":1},"branchMap":{"0":{"type":"branch","line":1,"loc":{"start":{"line":1,"column":0},"end":{"line":17,"column":40}},"locations":[{"start":{"line":1,"column":0},"end":{"line":17,"column":40}}]},"1":{"type":"branch","line":1,"loc":{"start":{"line":1,"column":1},"end":{"line":17,"column":39}},"locations":[{"start":{"line":1,"column":1},"end":{"line":17,"column":39}}]},"2":{"type":"branch","line":1,"loc":{"start":{"line":1,"column":60},"end":{"line":17,"column":38}},"locations":[{"start":{"line":1,"column":60},"end":{"line":17,"column":38}}]},"3":{"type":"branch","line":3,"loc":{"start":{"line":3,"column":-1},"end":{"line":17,"column":38}},"locations":[{"start":{"line":3,"column":-1},"end":{"line":17,"column":38}}]}},"b":{"0":[3],"1":[4],"2":[3],"3":[1]},"fnMap":{"0":{"name":"createContactContainer","decl":{"start":{"line":1,"column":1},"end":{"line":17,"column":39}},"loc":{"start":{"line":1,"column":1},"end":{"line":17,"column":39}},"line":1}},"f":{"0":4}}
,"/home/gonzagadavid/Web-developer/Repositorios-GitHub/sudoku/js/views/createOptionsContainer.js": {"path":"/home/gonzagadavid/Web-developer/Repositorios-GitHub/sudoku/js/views/createOptionsContainer.js","all":false,"statementMap":{"0":{"start":{"line":1,"column":0},"end":{"line":1,"column":66}},"1":{"start":{"line":2,"column":0},"end":{"line":2,"column":45}},"2":{"start":{"line":3,"column":0},"end":{"line":3,"column":43}},"3":{"start":{"line":4,"column":0},"end":{"line":4,"column":0}},"4":{"start":{"line":5,"column":0},"end":{"line":5,"column":63}},"5":{"start":{"line":6,"column":0},"end":{"line":6,"column":75}},"6":{"start":{"line":7,"column":0},"end":{"line":7,"column":57}},"7":{"start":{"line":8,"column":0},"end":{"line":8,"column":81}},"8":{"start":{"line":9,"column":0},"end":{"line":9,"column":37}},"9":{"start":{"line":10,"column":0},"end":{"line":10,"column":1}},"10":{"start":{"line":11,"column":0},"end":{"line":11,"column":0}},"11":{"start":{"line":12,"column":0},"end":{"line":12,"column":51}},"12":{"start":{"line":13,"column":0},"end":{"line":13,"column":88}},"13":{"start":{"line":14,"column":0},"end":{"line":14,"column":84}},"14":{"start":{"line":15,"column":0},"end":{"line":15,"column":26}},"15":{"start":{"line":16,"column":0},"end":{"line":16,"column":1}},"16":{"start":{"line":17,"column":0},"end":{"line":17,"column":0}},"17":{"start":{"line":18,"column":0},"end":{"line":18,"column":73}},"18":{"start":{"line":19,"column":0},"end":{"line":19,"column":68}},"19":{"start":{"line":20,"column":0},"end":{"line":20,"column":78}},"20":{"start":{"line":21,"column":0},"end":{"line":21,"column":65}},"21":{"start":{"line":22,"column":0},"end":{"line":22,"column":87}},"22":{"start":{"line":23,"column":0},"end":{"line":23,"column":44}},"23":{"start":{"line":24,"column":0},"end":{"line":24,"column":40}},"24":{"start":{"line":25,"column":0},"end":{"line":25,"column":1}}},"s":{"0":3,"1":3,"2":70,"3":70,"4":70,"5":70,"6":70,"7":3,"8":51,"9":51,"10":51,"11":51,"12":51,"13":3,"14":51,"15":51,"16":51,"17":51,"18":51,"19":51,"20":51,"21":51,"22":1,"23":1,"24":1},"branchMap":{"0":{"type":"branch","line":1,"loc":{"start":{"line":1,"column":0},"end":{"line":23,"column":6}},"locations":[{"start":{"line":1,"column":0},"end":{"line":23,"column":6}}]},"1":{"type":"branch","line":2,"loc":{"start":{"line":2,"column":9},"end":{"line":8,"column":39}},"locations":[{"start":{"line":2,"column":9},"end":{"line":8,"column":39}}]},"2":{"type":"branch","line":7,"loc":{"start":{"line":7,"column":9},"end":{"line":7,"column":55}},"locations":[{"start":{"line":7,"column":9},"end":{"line":7,"column":55}}]},"3":{"type":"branch","line":8,"loc":{"start":{"line":8,"column":41},"end":{"line":14,"column":31}},"locations":[{"start":{"line":8,"column":41},"end":{"line":14,"column":31}}]},"4":{"type":"branch","line":13,"loc":{"start":{"line":13,"column":25},"end":{"line":14,"column":0}},"locations":[{"start":{"line":13,"column":25},"end":{"line":14,"column":0}}]},"5":{"type":"branch","line":14,"loc":{"start":{"line":14,"column":48},"end":{"line":23,"column":5}},"locations":[{"start":{"line":14,"column":48},"end":{"line":23,"column":5}}]}},"b":{"0":[3],"1":[70],"2":[51],"3":[51],"4":[70],"5":[51]},"fnMap":{"0":{"name":"createSpan","decl":{"start":{"line":2,"column":9},"end":{"line":8,"column":39}},"loc":{"start":{"line":2,"column":9},"end":{"line":8,"column":39}},"line":2},"1":{"name":"createContainer","decl":{"start":{"line":8,"column":41},"end":{"line":14,"column":31}},"loc":{"start":{"line":8,"column":41},"end":{"line":14,"column":31}},"line":8},"2":{"name":"createOptionsContainer","decl":{"start":{"line":14,"column":48},"end":{"line":23,"column":5}},"loc":{"start":{"line":14,"column":48},"end":{"line":23,"column":5}},"line":14}},"f":{"0":70,"1":51,"2":51}}
,"/home/gonzagadavid/Web-developer/Repositorios-GitHub/sudoku/js/views/finishedContainer.js": {"path":"/home/gonzagadavid/Web-developer/Repositorios-GitHub/sudoku/js/views/finishedContainer.js","all":false,"statementMap":{"0":{"start":{"line":1,"column":0},"end":{"line":1,"column":66}},"1":{"start":{"line":2,"column":0},"end":{"line":2,"column":52}},"2":{"start":{"line":3,"column":0},"end":{"line":3,"column":35}},"3":{"start":{"line":4,"column":0},"end":{"line":4,"column":0}},"4":{"start":{"line":5,"column":0},"end":{"line":5,"column":29}},"5":{"start":{"line":6,"column":0},"end":{"line":6,"column":86}},"6":{"start":{"line":7,"column":0},"end":{"line":7,"column":21}},"7":{"start":{"line":8,"column":0},"end":{"line":8,"column":24}},"8":{"start":{"line":9,"column":0},"end":{"line":9,"column":1}},"9":{"start":{"line":10,"column":0},"end":{"line":10,"column":0}},"10":{"start":{"line":11,"column":0},"end":{"line":11,"column":45}},"11":{"start":{"line":12,"column":0},"end":{"line":12,"column":53}},"12":{"start":{"line":13,"column":0},"end":{"line":13,"column":82}},"13":{"start":{"line":14,"column":0},"end":{"line":14,"column":76}},"14":{"start":{"line":15,"column":0},"end":{"line":15,"column":89}},"15":{"start":{"line":16,"column":0},"end":{"line":16,"column":69}},"16":{"start":{"line":17,"column":0},"end":{"line":17,"column":84}},"17":{"start":{"line":18,"column":0},"end":{"line":18,"column":57}},"18":{"start":{"line":19,"column":0},"end":{"line":19,"column":58}},"19":{"start":{"line":20,"column":0},"end":{"line":20,"column":29}},"20":{"start":{"line":21,"column":0},"end":{"line":21,"column":33}},"21":{"start":{"line":22,"column":0},"end":{"line":22,"column":1}}},"s":{"0":3,"1":3,"2":1,"3":1,"4":1,"5":3,"6":2,"7":2,"8":2,"9":2,"10":2,"11":2,"12":2,"13":2,"14":2,"15":2,"16":2,"17":2,"18":1,"19":1,"20":1,"21":1},"branchMap":{"0":{"type":"branch","line":1,"loc":{"start":{"line":1,"column":0},"end":{"line":19,"column":43}},"locations":[{"start":{"line":1,"column":0},"end":{"line":19,"column":43}}]},"1":{"type":"branch","line":2,"loc":{"start":{"line":2,"column":8},"end":{"line":6,"column":53}},"locations":[{"start":{"line":2,"column":8},"end":{"line":6,"column":53}}]},"2":{"type":"branch","line":6,"loc":{"start":{"line":6,"column":70},"end":{"line":19,"column":42}},"locations":[{"start":{"line":6,"column":70},"end":{"line":19,"column":42}}]},"3":{"type":"branch","line":18,"loc":{"start":{"line":18,"column":8},"end":{"line":18,"column":32}},"locations":[{"start":{"line":18,"column":8},"end":{"line":18,"column":32}}]}},"b":{"0":[3],"1":[1],"2":[2],"3":[1]},"fnMap":{"0":{"name":"restart","decl":{"start":{"line":2,"column":8},"end":{"line":6,"column":53}},"loc":{"start":{"line":2,"column":8},"end":{"line":6,"column":53}},"line":2},"1":{"name":"finishedContainer","decl":{"start":{"line":6,"column":70},"end":{"line":19,"column":42}},"loc":{"start":{"line":6,"column":70},"end":{"line":19,"column":42}},"line":6}},"f":{"0":1,"1":2}}
,"/home/gonzagadavid/Web-developer/Repositorios-GitHub/sudoku/js/views/index.js": {"path":"/home/gonzagadavid/Web-developer/Repositorios-GitHub/sudoku/js/views/index.js","all":false,"statementMap":{"0":{"start":{"line":1,"column":0},"end":{"line":1,"column":43}},"1":{"start":{"line":2,"column":0},"end":{"line":2,"column":55}},"2":{"start":{"line":3,"column":0},"end":{"line":3,"column":45}},"3":{"start":{"line":4,"column":0},"end":{"line":4,"column":65}},"4":{"start":{"line":5,"column":0},"end":{"line":5,"column":65}},"5":{"start":{"line":6,"column":0},"end":{"line":6,"column":57}},"6":{"start":{"line":7,"column":0},"end":{"line":7,"column":49}},"7":{"start":{"line":8,"column":0},"end":{"line":8,"column":49}},"8":{"start":{"line":9,"column":0},"end":{"line":9,"column":43}},"9":{"start":{"line":10,"column":0},"end":{"line":10,"column":0}},"10":{"start":{"line":11,"column":0},"end":{"line":11,"column":16}},"11":{"start":{"line":12,"column":0},"end":{"line":12,"column":20}},"12":{"start":{"line":13,"column":0},"end":{"line":13,"column":14}},"13":{"start":{"line":14,"column":0},"end":{"line":14,"column":21}},"14":{"start":{"line":15,"column":0},"end":{"line":15,"column":17}},"15":{"start":{"line":16,"column":0},"end":{"line":16,"column":17}},"16":{"start":{"line":17,"column":0},"end":{"line":17,"column":25}},"17":{"start":{"line":18,"column":0},"end":{"line":18,"column":25}},"18":{"start":{"line":19,"column":0},"end":{"line":19,"column":14}},"19":{"start":{"line":20,"column":0},"end":{"line":20,"column":15}},"20":{"start":{"line":21,"column":0},"end":{"line":21,"column":2}}},"s":{"0":3,"1":3,"2":3,"3":3,"4":3,"5":3,"6":3,"7":3,"8":3,"9":3,"10":3,"11":3,"12":3,"13":3,"14":3,"15":3,"16":1,"17":1,"18":1,"19":1,"20":1},"branchMap":{"0":{"type":"branch","line":1,"loc":{"start":{"line":1,"column":0},"end":{"line":17,"column":4}},"locations":[{"start":{"line":1,"column":0},"end":{"line":17,"column":4}}]}},"b":{"0":[3]},"fnMap":{},"f":{}}
,"/home/gonzagadavid/Web-developer/Repositorios-GitHub/sudoku/js/views/insertTitle.js": {"path":"/home/gonzagadavid/Web-developer/Repositorios-GitHub/sudoku/js/views/insertTitle.js","all":false,"statementMap":{"0":{"start":{"line":1,"column":0},"end":{"line":1,"column":66}},"1":{"start":{"line":2,"column":0},"end":{"line":2,"column":0}},"2":{"start":{"line":3,"column":0},"end":{"line":3,"column":46}},"3":{"start":{"line":4,"column":0},"end":{"line":4,"column":23}},"4":{"start":{"line":5,"column":0},"end":{"line":5,"column":85}},"5":{"start":{"line":6,"column":0},"end":{"line":6,"column":29}},"6":{"start":{"line":7,"column":0},"end":{"line":7,"column":1}}},"s":{"0":3,"1":1,"2":1,"3":1,"4":1,"5":1,"6":1},"branchMap":{"0":{"type":"branch","line":1,"loc":{"start":{"line":1,"column":0},"end":{"line":5,"column":36}},"locations":[{"start":{"line":1,"column":0},"end":{"line":5,"column":36}}]},"1":{"type":"branch","line":1,"loc":{"start":{"line":1,"column":1},"end":{"line":5,"column":35}},"locations":[{"start":{"line":1,"column":1},"end":{"line":5,"column":35}}]},"2":{"type":"branch","line":1,"loc":{"start":{"line":1,"column":49},"end":{"line":5,"column":34}},"locations":[{"start":{"line":1,"column":49},"end":{"line":5,"column":34}}]},"3":{"type":"branch","line":1,"loc":{"start":{"line":1,"column":56},"end":{"line":5,"column":34}},"locations":[{"start":{"line":1,"column":56},"end":{"line":5,"column":34}}]}},"b":{"0":[3],"1":[4],"2":[3],"3":[1]},"fnMap":{"0":{"name":"insertTitle","decl":{"start":{"line":1,"column":1},"end":{"line":5,"column":35}},"loc":{"start":{"line":1,"column":1},"end":{"line":5,"column":35}},"line":1}},"f":{"0":4}}
,"/home/gonzagadavid/Web-developer/Repositorios-GitHub/sudoku/js/views/renderNumber.js": {"path":"/home/gonzagadavid/Web-developer/Repositorios-GitHub/sudoku/js/views/renderNumber.js","all":false,"statementMap":{"0":{"start":{"line":1,"column":0},"end":{"line":1,"column":60}},"1":{"start":{"line":2,"column":0},"end":{"line":2,"column":55}},"2":{"start":{"line":3,"column":0},"end":{"line":3,"column":0}},"3":{"start":{"line":4,"column":0},"end":{"line":4,"column":61}},"4":{"start":{"line":5,"column":0},"end":{"line":5,"column":50}},"5":{"start":{"line":6,"column":0},"end":{"line":6,"column":50}},"6":{"start":{"line":7,"column":0},"end":{"line":7,"column":40}},"7":{"start":{"line":8,"column":0},"end":{"line":8,"column":22}},"8":{"start":{"line":9,"column":0},"end":{"line":9,"column":28}},"9":{"start":{"line":10,"column":0},"end":{"line":10,"column":49}},"10":{"start":{"line":11,"column":0},"end":{"line":11,"column":1}}},"s":{"0":3,"1":52,"2":52,"3":52,"4":52,"5":52,"6":52,"7":3,"8":1,"9":1,"10":1},"branchMap":{"0":{"type":"branch","line":1,"loc":{"start":{"line":1,"column":0},"end":{"line":8,"column":22}},"locations":[{"start":{"line":1,"column":0},"end":{"line":8,"column":22}}]},"1":{"type":"branch","line":1,"loc":{"start":{"line":1,"column":51},"end":{"line":8,"column":21}},"locations":[{"start":{"line":1,"column":51},"end":{"line":8,"column":21}}]},"2":{"type":"branch","line":8,"loc":{"start":{"line":8,"column":-1},"end":{"line":8,"column":19}},"locations":[{"start":{"line":8,"column":-1},"end":{"line":8,"column":19}}]}},"b":{"0":[3],"1":[52],"2":[1]},"fnMap":{"0":{"name":"renderNumber","decl":{"start":{"line":1,"column":51},"end":{"line":8,"column":21}},"loc":{"start":{"line":1,"column":51},"end":{"line":8,"column":21}},"line":1}},"f":{"0":52}}
,"/home/gonzagadavid/Web-developer/Repositorios-GitHub/sudoku/tests/mock/boards.js": {"path":"/home/gonzagadavid/Web-developer/Repositorios-GitHub/sudoku/tests/mock/boards.js","all":false,"statementMap":{"0":{"start":{"line":1,"column":0},"end":{"line":1,"column":15}},"1":{"start":{"line":2,"column":0},"end":{"line":2,"column":30}},"2":{"start":{"line":3,"column":0},"end":{"line":3,"column":30}},"3":{"start":{"line":4,"column":0},"end":{"line":4,"column":30}},"4":{"start":{"line":5,"column":0},"end":{"line":5,"column":30}},"5":{"start":{"line":6,"column":0},"end":{"line":6,"column":30}},"6":{"start":{"line":7,"column":0},"end":{"line":7,"column":30}},"7":{"start":{"line":8,"column":0},"end":{"line":8,"column":30}},"8":{"start":{"line":9,"column":0},"end":{"line":9,"column":30}},"9":{"start":{"line":10,"column":0},"end":{"line":10,"column":30}},"10":{"start":{"line":11,"column":0},"end":{"line":11,"column":2}},"11":{"start":{"line":12,"column":0},"end":{"line":12,"column":0}},"12":{"start":{"line":13,"column":0},"end":{"line":13,"column":21}},"13":{"start":{"line":14,"column":0},"end":{"line":14,"column":30}},"14":{"start":{"line":15,"column":0},"end":{"line":15,"column":30}},"15":{"start":{"line":16,"column":0},"end":{"line":16,"column":30}},"16":{"start":{"line":17,"column":0},"end":{"line":17,"column":30}},"17":{"start":{"line":18,"column":0},"end":{"line":18,"column":30}},"18":{"start":{"line":19,"column":0},"end":{"line":19,"column":30}},"19":{"start":{"line":20,"column":0},"end":{"line":20,"column":30}},"20":{"start":{"line":21,"column":0},"end":{"line":21,"column":30}},"21":{"start":{"line":22,"column":0},"end":{"line":22,"column":30}},"22":{"start":{"line":23,"column":0},"end":{"line":23,"column":2}},"23":{"start":{"line":24,"column":0},"end":{"line":24,"column":0}},"24":{"start":{"line":25,"column":0},"end":{"line":25,"column":21}},"25":{"start":{"line":26,"column":0},"end":{"line":26,"column":30}},"26":{"start":{"line":27,"column":0},"end":{"line":27,"column":30}},"27":{"start":{"line":28,"column":0},"end":{"line":28,"column":30}},"28":{"start":{"line":29,"column":0},"end":{"line":29,"column":30}},"29":{"start":{"line":30,"column":0},"end":{"line":30,"column":30}},"30":{"start":{"line":31,"column":0},"end":{"line":31,"column":30}},"31":{"start":{"line":32,"column":0},"end":{"line":32,"column":30}},"32":{"start":{"line":33,"column":0},"end":{"line":33,"column":30}},"33":{"start":{"line":34,"column":0},"end":{"line":34,"column":30}},"34":{"start":{"line":35,"column":0},"end":{"line":35,"column":2}},"35":{"start":{"line":36,"column":0},"end":{"line":36,"column":0}},"36":{"start":{"line":37,"column":0},"end":{"line":37,"column":51}}},"s":{"0":3,"1":3,"2":3,"3":3,"4":3,"5":3,"6":3,"7":3,"8":3,"9":3,"10":3,"11":3,"12":3,"13":3,"14":3,"15":3,"16":3,"17":3,"18":3,"19":3,"20":3,"21":3,"22":3,"23":3,"24":3,"25":3,"26":3,"27":3,"28":3,"29":3,"30":3,"31":3,"32":3,"33":1,"34":1,"35":1,"36":1},"branchMap":{"0":{"type":"branch","line":1,"loc":{"start":{"line":1,"column":0},"end":{"line":34,"column":5}},"locations":[{"start":{"line":1,"column":0},"end":{"line":34,"column":5}}]}},"b":{"0":[3]},"fnMap":{},"f":{}}
,"/home/gonzagadavid/Web-developer/Repositorios-GitHub/sudoku/tests/mock/fetchMock.js": {"path":"/home/gonzagadavid/Web-developer/Repositorios-GitHub/sudoku/tests/mock/fetchMock.js","all":false,"statementMap":{"0":{"start":{"line":1,"column":0},"end":{"line":1,"column":33}},"1":{"start":{"line":2,"column":0},"end":{"line":2,"column":0}},"2":{"start":{"line":3,"column":0},"end":{"line":3,"column":38}},"3":{"start":{"line":4,"column":0},"end":{"line":4,"column":74}},"4":{"start":{"line":5,"column":0},"end":{"line":5,"column":78}},"5":{"start":{"line":6,"column":0},"end":{"line":6,"column":0}},"6":{"start":{"line":7,"column":0},"end":{"line":7,"column":34}},"7":{"start":{"line":8,"column":0},"end":{"line":8,"column":81}},"8":{"start":{"line":9,"column":0},"end":{"line":9,"column":96}},"9":{"start":{"line":10,"column":0},"end":{"line":10,"column":23}},"10":{"start":{"line":11,"column":0},"end":{"line":11,"column":2}},"11":{"start":{"line":12,"column":0},"end":{"line":12,"column":25}}},"s":{"0":3,"1":3,"2":3,"3":3,"4":3,"5":3,"6":3,"7":3,"8":1,"9":1,"10":1,"11":1},"branchMap":{"0":{"type":"branch","line":1,"loc":{"start":{"line":1,"column":0},"end":{"line":9,"column":68}},"locations":[{"start":{"line":1,"column":0},"end":{"line":9,"column":68}}]},"1":{"type":"branch","line":5,"loc":{"start":{"line":5,"column":16},"end":{"line":9,"column":40}},"locations":[{"start":{"line":5,"column":16},"end":{"line":9,"column":40}}]},"2":{"type":"branch","line":5,"loc":{"start":{"line":5,"column":61},"end":{"line":9,"column":39}},"locations":[{"start":{"line":5,"column":61},"end":{"line":9,"column":39}}]},"3":{"type":"branch","line":8,"loc":{"start":{"line":8,"column":-1},"end":{"line":8,"column":30}},"locations":[{"start":{"line":8,"column":-1},"end":{"line":8,"column":30}}]},"4":{"type":"branch","line":8,"loc":{"start":{"line":8,"column":30},"end":{"line":9,"column":39}},"locations":[{"start":{"line":8,"column":30},"end":{"line":9,"column":39}}]},"5":{"type":"branch","line":7,"loc":{"start":{"line":7,"column":7},"end":{"line":7,"column":30}},"locations":[{"start":{"line":7,"column":7},"end":{"line":7,"column":30}}]},"6":{"type":"branch","line":8,"loc":{"start":{"line":8,"column":56},"end":{"line":9,"column":10}},"locations":[{"start":{"line":8,"column":56},"end":{"line":9,"column":10}}]}},"b":{"0":[3],"1":[5],"2":[3],"3":[2],"4":[1],"5":[3],"6":[1]},"fnMap":{"0":{"name":"fetchMock","decl":{"start":{"line":5,"column":16},"end":{"line":9,"column":40}},"loc":{"start":{"line":5,"column":16},"end":{"line":9,"column":40}},"line":5},"1":{"name":"json","decl":{"start":{"line":7,"column":7},"end":{"line":7,"column":30}},"loc":{"start":{"line":7,"column":7},"end":{"line":7,"column":30}},"line":7},"2":{"name":"json","decl":{"start":{"line":8,"column":56},"end":{"line":9,"column":10}},"loc":{"start":{"line":8,"column":56},"end":{"line":9,"column":10}},"line":8}},"f":{"0":5,"1":3,"2":1}}
}
