TN:
SF:jsdom.js
FNF:0
FNH:0
DA:1,3
DA:2,3
DA:3,3
DA:4,1
DA:5,1
DA:6,1
DA:7,1
LF:7
LH:7
BRDA:1,0,0,3
BRF:1
BRH:1
end_of_record
TN:
SF:js/main.js
FNF:0
FNH:0
DA:1,3
DA:2,3
DA:3,3
DA:4,3
DA:5,3
DA:6,3
DA:7,3
DA:8,3
DA:9,3
DA:10,3
DA:11,3
DA:12,3
DA:13,3
DA:14,3
DA:15,3
DA:16,1
DA:17,1
LF:17
LH:17
BRDA:1,0,0,3
BRF:1
BRH:1
end_of_record
TN:
SF:js/functions/btnSelect.js
FN:1,btnSelect
FNF:1
FNH:1
FNDA:7,btnSelect
DA:1,7
DA:2,7
DA:3,7
DA:4,7
DA:5,7
DA:6,7
DA:7,1
DA:8,1
DA:9,1
LF:9
LH:9
BRDA:1,0,0,3
BRDA:1,1,0,7
BRDA:3,2,0,5
BRDA:5,3,0,0
BRF:4
BRH:3
end_of_record
TN:
SF:js/functions/checkCompleted.js
FN:1,checkCompleted
FNF:1
FNH:1
FNDA:3,checkCompleted
DA:1,2
DA:2,18
DA:3,162
DA:4,1
DA:5,1
DA:6,1
DA:7,1
DA:8,1
LF:8
LH:8
BRDA:1,0,0,3
BRDA:1,1,0,3
BRDA:1,2,0,2
BRDA:1,3,0,18
BRDA:2,4,0,162
BRDA:3,5,0,51
BRF:6
BRH:6
end_of_record
TN:
SF:js/functions/createHtmlElement.js
FN:1,createHtmlElement
FNF:1
FNH:1
FNDA:200,createHtmlElement
DA:1,200
DA:2,200
DA:3,534
DA:4,1
DA:5,1
DA:6,1
DA:7,1
DA:8,1
DA:9,1
LF:9
LH:9
BRDA:1,0,0,3
BRDA:1,1,0,200
BRDA:2,2,0,534
BRF:3
BRH:3
end_of_record
TN:
SF:js/functions/fetchBoard.js
FN:2,clearCard
FN:6,fetchBoard
FNF:2
FNH:2
FNDA:1,clearCard
FNDA:7,fetchBoard
DA:1,3
DA:2,3
DA:3,1
DA:4,1
DA:5,1
DA:6,3
DA:7,7
DA:8,7
DA:9,7
DA:10,4
DA:11,4
DA:12,1
DA:13,4
DA:14,2
DA:15,4
DA:16,2
DA:17,2
DA:18,2
DA:19,1
DA:20,1
DA:21,1
DA:22,1
LF:22
LH:22
BRDA:1,0,0,3
BRDA:2,1,0,1
BRDA:6,2,0,7
BRDA:10,3,0,4
BRDA:11,4,0,3
BRDA:12,5,0,1
BRDA:13,6,0,2
BRDA:15,7,0,1
BRDA:15,8,0,2
BRF:9
BRH:9
end_of_record
TN:
SF:js/functions/getOptions.js
FN:1,getOptions
FNF:1
FNH:1
FNDA:12,getOptions
DA:1,12
DA:2,12
DA:3,5
DA:4,12
DA:5,12
DA:6,12
DA:7,12
DA:8,99
DA:9,99
DA:10,11
DA:11,12
DA:12,33
DA:13,33
DA:14,33
DA:15,12
DA:16,3
DA:17,1
DA:18,1
DA:19,1
DA:20,1
DA:21,1
LF:21
LH:21
BRDA:1,0,0,3
BRDA:1,1,0,12
BRDA:1,2,0,1
BRDA:1,3,0,11
BRDA:2,4,0,3
BRDA:2,5,0,8
BRDA:2,6,0,5
BRDA:2,7,0,3
BRDA:2,8,0,3
BRDA:2,9,0,8
BRDA:2,10,0,5
BRDA:4,11,0,3
BRDA:7,12,0,99
BRDA:10,13,0,11
BRDA:11,14,0,33
BRDA:14,15,0,99
BRDA:15,16,0,11
BRDA:16,17,0,99
BRF:18
BRH:18
end_of_record
TN:
SF:js/functions/index.js
FNF:0
FNH:0
DA:1,3
DA:2,3
DA:3,3
DA:4,3
DA:5,3
DA:6,3
DA:7,3
DA:8,3
DA:9,3
DA:10,1
DA:11,1
DA:12,1
DA:13,1
DA:14,1
DA:15,1
LF:15
LH:15
BRDA:1,0,0,3
BRF:1
BRH:1
end_of_record
TN:
SF:js/functions/renderOptions.js
FN:1,renderOptions
FNF:1
FNH:1
FNDA:2,renderOptions
DA:1,3
DA:2,2
DA:3,2
DA:4,2
DA:5,2
DA:6,2
DA:7,2
DA:8,2
DA:9,2
DA:10,1
DA:11,1
DA:12,1
LF:12
LH:12
BRDA:1,0,0,3
BRDA:1,1,0,2
BRDA:5,2,0,1
BRF:3
BRH:3
end_of_record
TN:
SF:js/views/clearNumber.js
FN:1,clearNumber
FNF:1
FNH:1
FNDA:1,clearNumber
DA:1,1
DA:2,1
DA:3,1
DA:4,1
DA:5,1
DA:6,1
LF:6
LH:6
BRDA:1,0,0,3
BRDA:1,1,0,1
BRF:2
BRH:2
end_of_record
TN:
SF:js/views/createBtnContainer.js
FN:2,nextLevel
FN:6,renderDifficult
FN:10,addBtn
FN:16,onclick
FN:22,createBtnContainer
FNF:5
FNH:5
FNDA:1,nextLevel
FNDA:1,renderDifficult
FNDA:4,addBtn
FNDA:1,onclick
FNDA:5,createBtnContainer
DA:1,3
DA:2,3
DA:3,1
DA:4,1
DA:5,1
DA:6,3
DA:7,1
DA:8,1
DA:9,1
DA:10,3
DA:11,4
DA:12,4
DA:13,4
DA:14,4
DA:15,4
DA:16,1
DA:17,4
DA:18,4
DA:19,4
DA:20,4
DA:21,4
DA:22,3
DA:23,5
DA:24,1
DA:25,1
DA:26,1
DA:27,1
DA:28,1
DA:29,1
DA:30,1
DA:31,1
DA:32,1
LF:32
LH:32
BRDA:1,0,0,3
BRDA:2,1,0,1
BRDA:6,2,0,1
BRDA:10,3,0,4
BRDA:16,4,0,1
BRDA:22,5,0,5
BRDA:23,6,0,4
BRDA:23,7,0,1
BRDA:29,8,0,4
BRF:9
BRH:9
end_of_record
TN:
SF:js/views/createCardGame.js
FN:1,fillLine
FN:8,createLine
FN:16,createCardGame
FNF:3
FNH:3
FNDA:243,fillLine
FNDA:27,createLine
FNDA:3,createCardGame
DA:1,3
DA:2,243
DA:3,243
DA:4,243
DA:5,243
DA:6,148
DA:7,148
DA:8,3
DA:9,27
DA:10,27
DA:11,27
DA:12,27
DA:13,27
DA:14,27
DA:15,27
DA:16,3
DA:17,3
DA:18,3
DA:19,3
DA:20,3
DA:21,3
DA:22,1
DA:23,1
DA:24,1
LF:24
LH:24
BRDA:1,0,0,3
BRDA:1,1,0,243
BRDA:5,2,0,148
BRDA:5,3,0,148
BRDA:8,4,0,27
BRDA:15,5,0,243
BRDA:16,6,0,3
BRDA:21,7,0,27
BRF:8
BRH:8
end_of_record
TN:
SF:js/views/createClearBtn.js
FN:1,clearBoard
FN:6,createClearBtn
FN:11,onclick
FNF:3
FNH:1
FNDA:0,clearBoard
FNDA:2,createClearBtn
FNDA:0,onclick
DA:1,3
DA:2,0
DA:3,0
DA:4,0
DA:5,3
DA:6,3
DA:7,2
DA:8,2
DA:9,2
DA:10,2
DA:11,2
DA:12,2
DA:13,2
DA:14,2
DA:15,2
DA:16,1
DA:17,1
DA:18,1
DA:19,1
LF:19
LH:16
BRDA:1,0,0,3
BRDA:6,1,0,2
BRF:2
BRH:2
end_of_record
TN:
SF:js/views/createContactContainer.js
FN:1,createContactContainer
FNF:1
FNH:1
FNDA:3,createContactContainer
DA:1,3
DA:2,3
DA:3,0
DA:4,0
DA:5,0
DA:6,0
DA:7,0
DA:8,0
DA:9,0
DA:10,0
DA:11,0
DA:12,0
DA:13,0
DA:14,0
DA:15,0
DA:16,0
DA:17,1
DA:18,1
DA:19,1
DA:20,1
LF:20
LH:6
BRDA:1,0,0,3
BRDA:1,1,0,3
BRDA:3,2,0,0
BRF:3
BRH:2
end_of_record
TN:
SF:js/views/createOptionsContainer.js
FN:2,createSpan
FN:8,createContainer
FN:14,createOptionsContainer
FNF:3
FNH:3
FNDA:2,createSpan
FNDA:2,createContainer
FNDA:2,createOptionsContainer
DA:1,3
DA:2,3
DA:3,2
DA:4,2
DA:5,2
DA:6,2
DA:7,2
DA:8,3
DA:9,2
DA:10,2
DA:11,2
DA:12,2
DA:13,2
DA:14,3
DA:15,2
DA:16,2
DA:17,2
DA:18,2
DA:19,2
DA:20,2
DA:21,2
DA:22,2
DA:23,1
DA:24,1
DA:25,1
LF:25
LH:25
BRDA:1,0,0,3
BRDA:2,1,0,2
BRDA:8,2,0,2
BRDA:13,3,0,2
BRDA:14,4,0,2
BRF:5
BRH:5
end_of_record
TN:
SF:js/views/finishedContainer.js
FN:2,restart
FN:6,finishedContainer
FNF:2
FNH:0
FNDA:0,restart
FNDA:0,finishedContainer
DA:1,3
DA:2,3
DA:3,0
DA:4,0
DA:5,0
DA:6,3
DA:7,0
DA:8,0
DA:9,0
DA:10,0
DA:11,0
DA:12,0
DA:13,0
DA:14,0
DA:15,0
DA:16,0
DA:17,0
DA:18,0
DA:19,1
DA:20,1
DA:21,1
DA:22,1
LF:22
LH:7
BRDA:1,0,0,3
BRF:1
BRH:1
end_of_record
TN:
SF:js/views/index.js
FNF:0
FNH:0
DA:1,2
DA:2,2
DA:3,2
DA:4,2
DA:5,2
DA:6,2
DA:7,2
DA:8,2
DA:9,2
DA:10,2
DA:11,2
DA:12,2
DA:13,2
DA:14,2
DA:15,2
DA:16,2
DA:17,1
DA:18,1
DA:19,1
DA:20,1
DA:21,1
LF:21
LH:21
BRDA:1,0,0,2
BRF:1
BRH:1
end_of_record
TN:
SF:js/views/insertTitle.js
FN:1,insertTitle
FNF:1
FNH:1
FNDA:3,insertTitle
DA:1,3
DA:2,0
DA:3,0
DA:4,0
DA:5,1
DA:6,1
DA:7,1
LF:7
LH:4
BRDA:1,0,0,3
BRDA:1,1,0,3
BRDA:1,2,0,0
BRF:3
BRH:2
end_of_record
TN:
SF:js/views/renderNumber.js
FN:1,renderNumber
FNF:1
FNH:0
FNDA:0,renderNumber
DA:1,3
DA:2,0
DA:3,0
DA:4,0
DA:5,0
DA:6,0
DA:7,0
DA:8,3
DA:9,1
DA:10,1
DA:11,1
LF:11
LH:5
BRDA:1,0,0,3
BRF:1
BRH:1
end_of_record
TN:
SF:tests/mock/boards.js
FNF:0
FNH:0
DA:1,3
DA:2,3
DA:3,3
DA:4,3
DA:5,3
DA:6,3
DA:7,3
DA:8,3
DA:9,3
DA:10,3
DA:11,3
DA:12,3
DA:13,3
DA:14,3
DA:15,3
DA:16,3
DA:17,3
DA:18,3
DA:19,3
DA:20,3
DA:21,3
DA:22,3
DA:23,3
DA:24,3
DA:25,3
DA:26,3
DA:27,3
DA:28,3
DA:29,3
DA:30,3
DA:31,3
DA:32,3
DA:33,3
DA:34,1
DA:35,1
DA:36,1
DA:37,1
LF:37
LH:37
BRDA:1,0,0,3
BRF:1
BRH:1
end_of_record
TN:
SF:tests/mock/fetchMock.js
FN:5,fetchMock
FN:7,json
FN:8,json
FNF:3
FNH:3
FNDA:3,fetchMock
FNDA:1,json
FNDA:1,json
DA:1,2
DA:2,2
DA:3,2
DA:4,2
DA:5,2
DA:6,1
DA:7,1
DA:8,3
DA:9,1
DA:10,1
DA:11,1
DA:12,1
LF:12
LH:12
BRDA:1,0,0,2
BRDA:5,1,0,3
BRDA:5,2,0,1
BRDA:8,3,0,2
BRDA:8,4,0,1
BRDA:7,5,0,1
BRDA:8,6,0,1
BRF:7
BRH:7
end_of_record
