TN:
SF:jsdom.js
FNF:0
FNH:0
DA:1,1
DA:2,1
DA:3,1
DA:4,1
DA:5,1
DA:6,1
DA:7,1
LF:7
LH:7
BRF:0
BRH:0
end_of_record
TN:
SF:js/main.js
FNF:0
FNH:0
DA:1,1
DA:2,1
DA:3,1
DA:4,1
DA:5,1
DA:6,1
DA:7,1
DA:8,1
DA:9,1
DA:10,1
DA:11,1
DA:12,1
DA:13,1
DA:14,1
DA:15,1
DA:16,1
DA:17,1
LF:17
LH:17
BRF:0
BRH:0
end_of_record
TN:
SF:js/functions/btnSelect.js
FN:1,btnSelect
FNF:1
FNH:1
FNDA:6,btnSelect
DA:1,6
DA:2,6
DA:3,6
DA:4,6
DA:5,6
DA:6,6
DA:7,1
DA:8,1
DA:9,1
LF:9
LH:9
BRDA:1,0,0,6
BRDA:3,1,0,5
BRDA:5,2,0,0
BRF:3
BRH:2
end_of_record
TN:
SF:js/functions/checkCompleted.js
FN:1,checkCompleted
FNF:1
FNH:1
FNDA:3,checkCompleted
DA:1,2
DA:2,18
DA:3,162
DA:4,1
DA:5,1
DA:6,1
DA:7,1
DA:8,1
LF:8
LH:8
BRDA:1,0,0,3
BRDA:1,1,0,2
BRDA:1,2,0,18
BRDA:2,3,0,162
BRDA:3,4,0,51
BRF:5
BRH:5
end_of_record
TN:
SF:js/functions/createHtmlElement.js
FN:1,createHtmlElement
FNF:1
FNH:1
FNDA:195,createHtmlElement
DA:1,195
DA:2,195
DA:3,517
DA:4,1
DA:5,1
DA:6,1
DA:7,1
DA:8,1
DA:9,1
LF:9
LH:9
BRDA:1,0,0,195
BRDA:2,1,0,517
BRF:2
BRH:2
end_of_record
TN:
SF:js/functions/fetchBoard.js
FN:2,clearCard
FN:7,fetchBoard
FNF:2
FNH:2
FNDA:1,clearCard
FNDA:6,fetchBoard
DA:1,1
DA:2,1
DA:3,1
DA:4,1
DA:5,1
DA:6,1
DA:7,1
DA:8,6
DA:9,6
DA:10,6
DA:11,3
DA:12,3
DA:13,1
DA:14,4
DA:15,2
DA:16,4
DA:17,2
DA:18,2
DA:19,2
DA:20,1
DA:21,1
DA:22,1
DA:23,1
LF:23
LH:23
BRDA:2,0,0,1
BRDA:7,1,0,6
BRDA:11,2,0,3
BRDA:12,3,0,4
BRDA:12,4,0,3
BRDA:12,5,0,1
BRDA:14,6,0,2
BRDA:16,7,0,1
BRDA:16,8,0,2
BRF:9
BRH:9
end_of_record
TN:
SF:js/functions/getOptions.js
FN:1,getOptions
FNF:1
FNH:1
FNDA:10,getOptions
DA:1,10
DA:2,10
DA:3,3
DA:4,10
DA:5,10
DA:6,10
DA:7,10
DA:8,81
DA:9,81
DA:10,9
DA:11,10
DA:12,27
DA:13,27
DA:14,27
DA:15,10
DA:16,9
DA:17,1
DA:18,1
DA:19,1
DA:20,1
DA:21,1
LF:21
LH:21
BRDA:1,0,0,10
BRDA:1,1,0,1
BRDA:1,2,0,9
BRDA:2,3,0,3
BRDA:2,4,0,6
BRDA:2,5,0,3
BRDA:2,6,0,3
BRDA:2,7,0,3
BRDA:2,8,0,6
BRDA:2,9,0,3
BRDA:4,10,0,3
BRDA:7,11,0,81
BRDA:9,12,0,9
BRDA:11,13,0,27
BRDA:14,14,0,81
BRDA:15,15,0,9
BRDA:16,16,0,81
BRF:17
BRH:17
end_of_record
TN:
SF:js/functions/index.js
FNF:0
FNH:0
DA:1,1
DA:2,1
DA:3,1
DA:4,1
DA:5,1
DA:6,1
DA:7,1
DA:8,1
DA:9,1
DA:10,1
DA:11,1
DA:12,1
DA:13,1
DA:14,1
DA:15,1
LF:15
LH:15
BRF:0
BRH:0
end_of_record
TN:
SF:js/functions/renderOptions.js
FN:1,renderOptions
FNF:1
FNH:0
FNDA:0,renderOptions
DA:1,1
DA:2,0
DA:3,0
DA:4,0
DA:5,0
DA:6,0
DA:7,0
DA:8,0
DA:9,0
DA:10,1
DA:11,1
DA:12,1
LF:12
LH:4
BRF:0
BRH:0
end_of_record
TN:
SF:js/views/clearNumber.js
FN:1,clearNumber
FNF:1
FNH:0
FNDA:0,clearNumber
DA:1,0
DA:2,0
DA:3,1
DA:4,1
DA:5,1
DA:6,1
LF:6
LH:4
BRF:0
BRH:0
end_of_record
TN:
SF:js/views/createBtnContainer.js
FN:2,nextLevel
FN:6,renderDifficult
FN:10,addBtn
FN:22,createBtnContainer
FNF:4
FNH:1
FNDA:0,nextLevel
FNDA:0,renderDifficult
FNDA:0,addBtn
FNDA:3,createBtnContainer
DA:1,1
DA:2,1
DA:3,0
DA:4,0
DA:5,0
DA:6,1
DA:7,0
DA:8,0
DA:9,0
DA:10,1
DA:11,0
DA:12,0
DA:13,0
DA:14,0
DA:15,0
DA:16,0
DA:17,0
DA:18,0
DA:19,0
DA:20,0
DA:21,0
DA:22,1
DA:23,3
DA:24,0
DA:25,0
DA:26,0
DA:27,0
DA:28,0
DA:29,0
DA:30,1
DA:31,1
DA:32,1
LF:32
LH:9
BRDA:22,0,0,3
BRDA:23,1,0,0
BRF:2
BRH:1
end_of_record
TN:
SF:js/views/createCardGame.js
FN:1,fillLine
FN:8,createLine
FN:16,createCardGame
FNF:3
FNH:3
FNDA:162,fillLine
FNDA:18,createLine
FNDA:2,createCardGame
DA:1,1
DA:2,162
DA:3,162
DA:4,162
DA:5,162
DA:6,97
DA:7,97
DA:8,1
DA:9,18
DA:10,18
DA:11,18
DA:12,18
DA:13,18
DA:14,18
DA:15,18
DA:16,1
DA:17,2
DA:18,2
DA:19,2
DA:20,2
DA:21,2
DA:22,1
DA:23,1
DA:24,1
LF:24
LH:24
BRDA:1,0,0,162
BRDA:5,1,0,97
BRDA:5,2,0,97
BRDA:8,3,0,18
BRDA:15,4,0,162
BRDA:16,5,0,2
BRDA:21,6,0,18
BRF:7
BRH:7
end_of_record
TN:
SF:js/views/createClearBtn.js
FN:1,clearBoard
FN:6,createClearBtn
FN:11,onclick
FNF:3
FNH:1
FNDA:0,clearBoard
FNDA:2,createClearBtn
FNDA:0,onclick
DA:1,1
DA:2,0
DA:3,0
DA:4,0
DA:5,1
DA:6,1
DA:7,2
DA:8,2
DA:9,2
DA:10,2
DA:11,2
DA:12,0
DA:13,2
DA:14,2
DA:15,2
DA:16,2
DA:17,1
DA:18,1
DA:19,1
LF:19
LH:15
BRDA:6,0,0,2
BRF:1
BRH:1
end_of_record
TN:
SF:js/views/createContactContainer.js
FN:1,createContactContainer
FNF:1
FNH:1
FNDA:3,createContactContainer
DA:1,0
DA:2,0
DA:3,0
DA:4,0
DA:5,0
DA:6,0
DA:7,0
DA:8,0
DA:9,0
DA:10,0
DA:11,0
DA:12,0
DA:13,0
DA:14,0
DA:15,0
DA:16,0
DA:17,3
DA:18,1
DA:19,1
DA:20,1
LF:20
LH:4
BRDA:1,0,0,3
BRDA:1,1,0,0
BRF:2
BRH:1
end_of_record
TN:
SF:js/views/createOptionsContainer.js
FN:2,createSpan
FN:8,createContainer
FN:14,createOptionsContainer
FNF:3
FNH:0
FNDA:0,createSpan
FNDA:0,createContainer
FNDA:0,createOptionsContainer
DA:1,1
DA:2,1
DA:3,0
DA:4,0
DA:5,0
DA:6,0
DA:7,0
DA:8,1
DA:9,0
DA:10,0
DA:11,0
DA:12,0
DA:13,0
DA:14,1
DA:15,0
DA:16,0
DA:17,0
DA:18,0
DA:19,0
DA:20,0
DA:21,0
DA:22,0
DA:23,1
DA:24,1
DA:25,1
LF:25
LH:7
BRF:0
BRH:0
end_of_record
TN:
SF:js/views/finishedContainer.js
FN:2,restart
FN:6,finishedContainer
FNF:2
FNH:0
FNDA:0,restart
FNDA:0,finishedContainer
DA:1,1
DA:2,1
DA:3,0
DA:4,0
DA:5,0
DA:6,1
DA:7,0
DA:8,0
DA:9,0
DA:10,0
DA:11,0
DA:12,0
DA:13,0
DA:14,0
DA:15,0
DA:16,0
DA:17,0
DA:18,0
DA:19,1
DA:20,1
DA:21,1
DA:22,1
LF:22
LH:7
BRF:0
BRH:0
end_of_record
TN:
SF:js/views/index.js
FNF:0
FNH:0
DA:1,1
DA:2,1
DA:3,1
DA:4,1
DA:5,1
DA:6,1
DA:7,1
DA:8,1
DA:9,1
DA:10,1
DA:11,1
DA:12,1
DA:13,1
DA:14,1
DA:15,1
DA:16,1
DA:17,1
DA:18,1
DA:19,1
DA:20,1
DA:21,1
LF:21
LH:21
BRF:0
BRH:0
end_of_record
TN:
SF:js/views/insertTitle.js
FN:1,insertTitle
FNF:1
FNH:1
FNDA:3,insertTitle
DA:1,3
DA:2,0
DA:3,0
DA:4,0
DA:5,1
DA:6,1
DA:7,1
LF:7
LH:4
BRDA:1,0,0,3
BRDA:1,1,0,0
BRF:2
BRH:1
end_of_record
TN:
SF:js/views/renderNumber.js
FN:1,renderNumber
FNF:1
FNH:0
FNDA:0,renderNumber
DA:1,1
DA:2,0
DA:3,0
DA:4,0
DA:5,0
DA:6,0
DA:7,0
DA:8,0
DA:9,1
DA:10,1
DA:11,1
LF:11
LH:4
BRF:0
BRH:0
end_of_record
TN:
SF:tests/mock/boards.js
FNF:0
FNH:0
DA:1,1
DA:2,1
DA:3,1
DA:4,1
DA:5,1
DA:6,1
DA:7,1
DA:8,1
DA:9,1
DA:10,1
DA:11,1
DA:12,1
DA:13,1
DA:14,1
DA:15,1
DA:16,1
DA:17,1
DA:18,1
DA:19,1
DA:20,1
DA:21,1
DA:22,1
DA:23,1
DA:24,1
DA:25,1
DA:26,1
DA:27,1
DA:28,1
DA:29,1
DA:30,1
DA:31,1
DA:32,1
DA:33,1
DA:34,1
DA:35,1
DA:36,1
DA:37,1
LF:37
LH:37
BRF:0
BRH:0
end_of_record
TN:
SF:tests/mock/fetchMock.js
FN:5,fetchMock
FN:7,json
FN:8,json
FNF:3
FNH:3
FNDA:3,fetchMock
FNDA:1,json
FNDA:1,json
DA:1,1
DA:2,1
DA:3,1
DA:4,1
DA:5,1
DA:6,1
DA:7,1
DA:8,3
DA:9,1
DA:10,1
DA:11,1
DA:12,1
LF:12
LH:12
BRDA:5,0,0,3
BRDA:5,1,0,1
BRDA:8,2,0,2
BRDA:8,3,0,1
BRDA:7,4,0,1
BRDA:8,5,0,1
BRF:6
BRH:6
end_of_record
